{
  "stats": {
    "suites": 3,
    "tests": 9,
    "passes": 6,
    "pending": 0,
    "failures": 3,
    "start": "2023-02-19T15:16:47.434Z",
    "end": "2023-02-19T15:16:57.977Z",
    "duration": 8095,
    "testsRegistered": 9,
    "passPercent": 66.66666666666667,
    "pendingPercent": 0,
    "other": 0,
    "hasOther": false,
    "skipped": 0,
    "hasSkipped": false
  },
  "results": [
    {
      "uuid": "973825cf-d329-43d2-a22b-fc785678cae1",
      "title": "",
      "fullFile": "cypress\\e2e\\scenario1-pageload.cy.js",
      "file": "cypress\\e2e\\scenario1-pageload.cy.js",
      "beforeHooks": [],
      "afterHooks": [],
      "tests": [],
      "suites": [
        {
          "uuid": "988f0169-d91c-41e1-95ad-ec6399bcff16",
          "title": "Scenario 1 - Data should load onto the page",
          "fullFile": "",
          "file": "",
          "beforeHooks": [],
          "afterHooks": [],
          "tests": [
            {
              "title": "Check page loads and launch items exist",
              "fullTitle": "Scenario 1 - Data should load onto the page Check page loads and launch items exist",
              "timedOut": null,
              "duration": 1916,
              "state": "passed",
              "speed": "fast",
              "pass": true,
              "fail": false,
              "pending": false,
              "context": null,
              "code": "cy.wait(\"@launches\");\n// main test\ncy.get(\".launch-item\").should(\"exist\");\n// If a known value will be consistently present\ncy.get(\".launch-list\").children(\".launch-item\").should(\"contain.text\", \"FalconSat\");\n// Example assertions\ncy.url().should(\"contain\", \"https://fe-automation-tool.s3.eu-west-1.amazonaws.com/index.html\");\n// Testing Library\ncy.findByRole(\"img\", {\n  name: /spacex/i\n}).should(\"be.visible\");\ncy.findByRole(\"button\", {\n  name: /reload data/i\n}).should(\"be.visible\");\n// Attribute selector\ncy.get(\"[alt=SpaceX]\").should(\"be.visible\");",
              "err": {},
              "uuid": "4afe200e-e566-4fda-9bee-b412911bd0be",
              "parentUUID": "988f0169-d91c-41e1-95ad-ec6399bcff16",
              "isHook": false,
              "skipped": false
            },
            {
              "title": "Checks API response contains an array of ships",
              "fullTitle": "Scenario 1 - Data should load onto the page Checks API response contains an array of ships",
              "timedOut": null,
              "duration": 686,
              "state": "passed",
              "speed": "fast",
              "pass": true,
              "fail": false,
              "pending": false,
              "context": null,
              "code": "cy.wait(\"@launches\");\ncy.get(\"@launches\").then(interception => {\n  const ships = interception.response.body;\n  cy.log(\"Number of ships = \" + ships.length);\n  expect(ships).to.exist;\n  // asserting the number of ships in the GET === #launch items\n  cy.get(\".launch-item\").should(\"have.length\", ships.length);\n});",
              "err": {},
              "uuid": "88776b36-c7c2-4f93-94ca-c6c41138e191",
              "parentUUID": "988f0169-d91c-41e1-95ad-ec6399bcff16",
              "isHook": false,
              "skipped": false
            },
            {
              "title": "Checks API response returns a status of 200",
              "fullTitle": "Scenario 1 - Data should load onto the page Checks API response returns a status of 200",
              "timedOut": null,
              "duration": 122,
              "state": "passed",
              "speed": "fast",
              "pass": true,
              "fail": false,
              "pending": false,
              "context": null,
              "code": "cy.get(\"@space\").then(interception => {\n  cy.log(interception.response);\n  expect(interception.response.statusCode).to.equal(200);\n});",
              "err": {},
              "uuid": "2abeed3f-460b-4963-9332-cd8cc5b4de27",
              "parentUUID": "988f0169-d91c-41e1-95ad-ec6399bcff16",
              "isHook": false,
              "skipped": false
            }
          ],
          "suites": [],
          "passes": [
            "4afe200e-e566-4fda-9bee-b412911bd0be",
            "88776b36-c7c2-4f93-94ca-c6c41138e191",
            "2abeed3f-460b-4963-9332-cd8cc5b4de27"
          ],
          "failures": [],
          "pending": [],
          "skipped": [],
          "duration": 2724,
          "root": false,
          "rootEmpty": false,
          "_timeout": 2000
        }
      ],
      "passes": [],
      "failures": [],
      "pending": [],
      "skipped": [],
      "duration": 0,
      "root": true,
      "rootEmpty": true,
      "_timeout": 2000
    },
    {
      "uuid": "80d65658-50e0-4fdc-b811-e336eae2dd04",
      "title": "",
      "fullFile": "cypress\\e2e\\scenario2-filter.cy.js",
      "file": "cypress\\e2e\\scenario2-filter.cy.js",
      "beforeHooks": [],
      "afterHooks": [],
      "tests": [],
      "suites": [
        {
          "uuid": "3fa85342-44d8-446f-9049-c4ab9c8367f5",
          "title": "Scenario 2 - Filter by year",
          "fullFile": "",
          "file": "",
          "beforeHooks": [],
          "afterHooks": [],
          "tests": [
            {
              "title": "Checks the filtered list returns only launches in 2015 ",
              "fullTitle": "Scenario 2 - Filter by year Checks the filtered list returns only launches in 2015 ",
              "timedOut": null,
              "duration": 1226,
              "state": "passed",
              "speed": "fast",
              "pass": true,
              "fail": false,
              "pending": false,
              "context": null,
              "code": "// Checks the total number of items in an unfiltered list\ncy.get(\".launch-item\").filter(':contains(\"#\")').then($value => {\n  totalListCount = $value.length;\n  cy.log(totalListCount);\n});\n// Checks the number of items in the unfiltered list with year 2015\ncy.get(\".launch-item\").filter(':contains(\" 2015\")').then($value => {\n  totalListWith2015 = $value.length;\n  cy.log(totalListWith2015);\n  // Optional assertion\n  expect(totalListWith2015).to.be.lessThan(totalListCount);\n});\n// The list is filtered by year 2015\ncy.get(\"[name='Filter By Year']\").select(\"2015\");\ncy.get(\".launch-item\")\n// containing all filtered items in the list\n.should(\"contain\", \"#\").then($value => {\n  filteredListTotal = $value.length;\n  // The number of items in the filtered list\n  cy.log(filteredListTotal);\n  // Asserting the filtered list contains all the entries\n  expect(filteredListTotal).to.equal(totalListWith2015);\n});\ncy.get(\".launch-item\")\n// containing all filtered items in the list with 2015\n.should(\"contain\", \" 2015\").then($value => {\n  filteredListWith2015 = $value.length;\n  // The number of items in the filtered list\n  cy.log(filteredListWith2015);\n  // Asserting ALL the filtered list contains 2015\n  expect(filteredListWith2015).to.equal(filteredListTotal);\n});",
              "err": {},
              "uuid": "8c24eefc-83d8-4278-9847-d78950273a36",
              "parentUUID": "3fa85342-44d8-446f-9049-c4ab9c8367f5",
              "isHook": false,
              "skipped": false
            },
            {
              "title": "Compares total items vs filtered items length",
              "fullTitle": "Scenario 2 - Filter by year Compares total items vs filtered items length",
              "timedOut": null,
              "duration": 123,
              "state": "passed",
              "speed": "fast",
              "pass": true,
              "fail": false,
              "pending": false,
              "context": null,
              "code": "cy.log(\"totalListCount \" + totalListCount);\ncy.log(\"totalListWith2015 \" + totalListWith2015);\ncy.log(\"filteredListTotal \" + filteredListTotal);\ncy.log(\"filteredListWith2015 \" + filteredListWith2015);\nexpect(totalListWith2015).to.equal(filteredListWith2015).and.to.equal(filteredListTotal);",
              "err": {},
              "uuid": "e39034c5-889c-415c-86ca-89be2e676abe",
              "parentUUID": "3fa85342-44d8-446f-9049-c4ab9c8367f5",
              "isHook": false,
              "skipped": false
            }
          ],
          "suites": [],
          "passes": [
            "8c24eefc-83d8-4278-9847-d78950273a36",
            "e39034c5-889c-415c-86ca-89be2e676abe"
          ],
          "failures": [],
          "pending": [],
          "skipped": [],
          "duration": 1349,
          "root": false,
          "rootEmpty": false,
          "_timeout": 2000
        }
      ],
      "passes": [],
      "failures": [],
      "pending": [],
      "skipped": [],
      "duration": 0,
      "root": true,
      "rootEmpty": true,
      "_timeout": 2000
    },
    {
      "uuid": "4598b324-e5f6-4aa5-88b7-ae858a8387d5",
      "title": "",
      "fullFile": "cypress\\e2e\\scenario3-sort.cy.js",
      "file": "cypress\\e2e\\scenario3-sort.cy.js",
      "beforeHooks": [],
      "afterHooks": [],
      "tests": [],
      "suites": [
        {
          "uuid": "b59cf99f-4c5a-4415-ade6-820431ec5a7f",
          "title": "Scenario 2 - Order should be done alphabetically",
          "fullFile": "",
          "file": "",
          "beforeHooks": [],
          "afterHooks": [],
          "tests": [
            {
              "title": "Checks the sort in Descending order",
              "fullTitle": "Scenario 2 - Order should be done alphabetically Checks the sort in Descending order",
              "timedOut": null,
              "duration": 1738,
              "state": "failed",
              "speed": null,
              "pass": false,
              "fail": true,
              "pending": false,
              "context": null,
              "code": "cy.wait(\"@launches\");\ncy.contains(\"Sort Ascending\").click();\ncy.get(\".launch-item\").then($items => {\n  totalListCount = $items.length;\n});\ncy.get(\".launch-item\").find(\".launch-item__number\").each(($items, index) => {\n  // cy.log($items[0].innerText)\n  const numbers = $items[0].innerText.slice(1);\n  cy.log(numbers, totalListCount - index);\n  expect(parseInt(numbers)).to.equal(totalListCount - index);\n});",
              "err": {
                "message": "AssertionError: expected 197 to equal 205",
                "estack": "AssertionError: expected 197 to equal 205\n    at Context.eval (webpack:///./cypress/e2e/scenario3-sort.cy.js:21:37)",
                "diff": "- 197\n+ 205\n"
              },
              "uuid": "b9b8ab62-499f-4033-b7d8-9af8c9947120",
              "parentUUID": "b59cf99f-4c5a-4415-ade6-820431ec5a7f",
              "isHook": false,
              "skipped": false
            },
            {
              "title": "Checks the sort in ascending order",
              "fullTitle": "Scenario 2 - Order should be done alphabetically Checks the sort in ascending order",
              "timedOut": null,
              "duration": 1288,
              "state": "failed",
              "speed": null,
              "pass": false,
              "fail": true,
              "pending": false,
              "context": null,
              "code": "cy.wait(\"@launches\");\ncy.get(\".launch-item\").find(\".launch-item__number\").each(($items, index) => {\n  const numbers = $items[0].innerText.slice(1);\n  cy.log(numbers, index + 1);\n  expect(parseInt(numbers)).to.equal(index + 1);\n});",
              "err": {
                "message": "AssertionError: expected 167 to equal 166",
                "estack": "AssertionError: expected 167 to equal 166\n    at Context.eval (webpack:///./cypress/e2e/scenario3-sort.cy.js:35:37)",
                "diff": "- 167\n+ 166\n"
              },
              "uuid": "f02e9209-fe21-4eb0-9741-7ad3557550d4",
              "parentUUID": "b59cf99f-4c5a-4415-ade6-820431ec5a7f",
              "isHook": false,
              "skipped": false
            },
            {
              "title": "Creates an array of numbers in display order ascending",
              "fullTitle": "Scenario 2 - Order should be done alphabetically Creates an array of numbers in display order ascending",
              "timedOut": null,
              "duration": 697,
              "state": "passed",
              "speed": "fast",
              "pass": true,
              "fail": false,
              "pending": false,
              "context": null,
              "code": "cy.get(\".launch-item\").find(\".launch-item__number\").each(($items, index) => {\n  const numbers = $items[0].innerText.slice(1);\n  cy.log(numbers, index + 1);\n  allNumbers.push(numbers);\n});",
              "err": {},
              "uuid": "9345279b-df15-4806-a416-5f08d96c28ac",
              "parentUUID": "b59cf99f-4c5a-4415-ade6-820431ec5a7f",
              "isHook": false,
              "skipped": false
            },
            {
              "title": "Compares arrays of numbers",
              "fullTitle": "Scenario 2 - Order should be done alphabetically Compares arrays of numbers",
              "timedOut": null,
              "duration": 299,
              "state": "failed",
              "speed": null,
              "pass": false,
              "fail": true,
              "pending": false,
              "context": null,
              "code": "allNumbersSorted = allNumbers;\nconsole.log(allNumbers);\ncy.log(allNumbers);\ncy.log(allNumbersSorted);\nexpect(allNumbers.toString()).to.equals(allNumbersSorted.sort((a, b) => a - b).toString());",
              "err": {
                "message": "AssertionError: expected '1,2,3,4,5,6,7,8,9,10,11,12,13,14,15,16,17,18,19,20,21,22,23,24,25,26,27,28,29,30,31,32,33,34,35,36,37,38,39,40,41,42,43,44,45,46,47,48,49,50,51,52,53,54,55,56,57,58,59,60,61,62,63,64,65,66,67,68,69,70,71,72,73,74,75,76,77,78,79,80,81,82,83,84,85,86,87,88,89,90,91,92,93,94,95,96,97,98,99,100,101,102,103,104,105,106,107,108,109,110,111,112,113,114,115,116,117,118,119,120,121,122,123,124,125,126,127,128,129,130,131,132,133,134,135,136,137,138,139,140,141,142,143,144,145,146,147,148,149,150,151,152,153,154,155,156,157,158,159,160,161,162,163,164,165,167,166,168,169,170,171,172,173,174,175,176,177,178,179,180,181,182,183,184,185,186,187,188,188,188,195,196,198,188,189,191,192,194,193,198,199,200,202,203,197' to equal '1,2,3,4,5,6,7,8,9,10,11,12,13,14,15,16,17,18,19,20,21,22,23,24,25,26,27,28,29,30,31,32,33,34,35,36,37,38,39,40,41,42,43,44,45,46,47,48,49,50,51,52,53,54,55,56,57,58,59,60,61,62,63,64,65,66,67,68,69,70,71,72,73,74,75,76,77,78,79,80,81,82,83,84,85,86,87,88,89,90,91,92,93,94,95,96,97,98,99,100,101,102,103,104,105,106,107,108,109,110,111,112,113,114,115,116,117,118,119,120,121,122,123,124,125,126,127,128,129,130,131,132,133,134,135,136,137,138,139,140,141,142,143,144,145,146,147,148,149,150,151,152,153,154,155,156,157,158,159,160,161,162,163,164,165,166,167,168,169,170,171,172,173,174,175,176,177,178,179,180,181,182,183,184,185,186,187,188,188,188,188,189,191,192,193,194,195,196,197,198,198,199,200,202,203'",
                "estack": "AssertionError: expected '1,2,3,4,5,6,7,8,9,10,11,12,13,14,15,16,17,18,19,20,21,22,23,24,25,26,27,28,29,30,31,32,33,34,35,36,37,38,39,40,41,42,43,44,45,46,47,48,49,50,51,52,53,54,55,56,57,58,59,60,61,62,63,64,65,66,67,68,69,70,71,72,73,74,75,76,77,78,79,80,81,82,83,84,85,86,87,88,89,90,91,92,93,94,95,96,97,98,99,100,101,102,103,104,105,106,107,108,109,110,111,112,113,114,115,116,117,118,119,120,121,122,123,124,125,126,127,128,129,130,131,132,133,134,135,136,137,138,139,140,141,142,143,144,145,146,147,148,149,150,151,152,153,154,155,156,157,158,159,160,161,162,163,164,165,167,166,168,169,170,171,172,173,174,175,176,177,178,179,180,181,182,183,184,185,186,187,188,188,188,195,196,198,188,189,191,192,194,193,198,199,200,202,203,197' to equal '1,2,3,4,5,6,7,8,9,10,11,12,13,14,15,16,17,18,19,20,21,22,23,24,25,26,27,28,29,30,31,32,33,34,35,36,37,38,39,40,41,42,43,44,45,46,47,48,49,50,51,52,53,54,55,56,57,58,59,60,61,62,63,64,65,66,67,68,69,70,71,72,73,74,75,76,77,78,79,80,81,82,83,84,85,86,87,88,89,90,91,92,93,94,95,96,97,98,99,100,101,102,103,104,105,106,107,108,109,110,111,112,113,114,115,116,117,118,119,120,121,122,123,124,125,126,127,128,129,130,131,132,133,134,135,136,137,138,139,140,141,142,143,144,145,146,147,148,149,150,151,152,153,154,155,156,157,158,159,160,161,162,163,164,165,166,167,168,169,170,171,172,173,174,175,176,177,178,179,180,181,182,183,184,185,186,187,188,188,188,188,189,191,192,193,194,195,196,197,198,198,199,200,202,203'\n    at Context.eval (webpack:///./cypress/e2e/scenario3-sort.cy.js:56:37)",
                "diff": "- '1,2,3,4,5,6,7,8,9,10,11,12,13,14,15,16,17,18,19,20,21,22,23,24,25,26,27,28,29,30,31,32,33,34,35,36,37,38,39,40,41,42,43,44,45,46,47,48,49,50,51,52,53,54,55,56,57,58,59,60,61,62,63,64,65,66,67,68,69,70,71,72,73,74,75,76,77,78,79,80,81,82,83,84,85,86,87,88,89,90,91,92,93,94,95,96,97,98,99,100,101,102,103,104,105,106,107,108,109,110,111,112,113,114,115,116,117,118,119,120,121,122,123,124,125,126,127,128,129,130,131,132,133,134,135,136,137,138,139,140,141,142,143,144,145,146,147,148,149,150,151,152,153,154,155,156,157,158,159,160,161,162,163,164,165,167,166,168,169,170,171,172,173,174,175,176,177,178,179,180,181,182,183,184,185,186,187,188,188,188,195,196,198,188,189,191,192,194,193,198,199,200,202,203,197'\n+ '1,2,3,4,5,6,7,8,9,10,11,12,13,14,15,16,17,18,19,20,21,22,23,24,25,26,27,28,29,30,31,32,33,34,35,36,37,38,39,40,41,42,43,44,45,46,47,48,49,50,51,52,53,54,55,56,57,58,59,60,61,62,63,64,65,66,67,68,69,70,71,72,73,74,75,76,77,78,79,80,81,82,83,84,85,86,87,88,89,90,91,92,93,94,95,96,97,98,99,100,101,102,103,104,105,106,107,108,109,110,111,112,113,114,115,116,117,118,119,120,121,122,123,124,125,126,127,128,129,130,131,132,133,134,135,136,137,138,139,140,141,142,143,144,145,146,147,148,149,150,151,152,153,154,155,156,157,158,159,160,161,162,163,164,165,166,167,168,169,170,171,172,173,174,175,176,177,178,179,180,181,182,183,184,185,186,187,188,188,188,188,189,191,192,193,194,195,196,197,198,198,199,200,202,203'\n"
              },
              "uuid": "1f166c7f-230a-4c24-810a-808c9a7c9c38",
              "parentUUID": "b59cf99f-4c5a-4415-ade6-820431ec5a7f",
              "isHook": false,
              "skipped": false
            }
          ],
          "suites": [],
          "passes": [
            "9345279b-df15-4806-a416-5f08d96c28ac"
          ],
          "failures": [
            "b9b8ab62-499f-4033-b7d8-9af8c9947120",
            "f02e9209-fe21-4eb0-9741-7ad3557550d4",
            "1f166c7f-230a-4c24-810a-808c9a7c9c38"
          ],
          "pending": [],
          "skipped": [],
          "duration": 4022,
          "root": false,
          "rootEmpty": false,
          "_timeout": 2000
        }
      ],
      "passes": [],
      "failures": [],
      "pending": [],
      "skipped": [],
      "duration": 0,
      "root": true,
      "rootEmpty": true,
      "_timeout": 2000
    }
  ],
  "meta": {
    "mocha": {
      "version": "7.0.1"
    },
    "mochawesome": {
      "options": {
        "quiet": false,
        "reportFilename": "mochawesome",
        "saveHtml": false,
        "saveJson": true,
        "consoleReporter": "spec",
        "useInlineDiffs": false,
        "code": true
      },
      "version": "7.1.3"
    },
    "marge": {
      "options": {
        "charts": true,
        "overwrite": false,
        "html": false,
        "json": true,
        "reportDir": "cypress/report"
      },
      "version": "6.2.0"
    }
  }
}