{
  "stats": {
    "suites": 1,
    "tests": 2,
    "passes": 2,
    "pending": 0,
    "failures": 0,
    "start": "2023-02-19T15:16:51.318Z",
    "end": "2023-02-19T15:16:52.688Z",
    "duration": 1370,
    "testsRegistered": 2,
    "passPercent": 100,
    "pendingPercent": 0,
    "other": 0,
    "hasOther": false,
    "skipped": 0,
    "hasSkipped": false
  },
  "results": [
    {
      "uuid": "80d65658-50e0-4fdc-b811-e336eae2dd04",
      "title": "",
      "fullFile": "cypress\\e2e\\scenario2-filter.cy.js",
      "file": "cypress\\e2e\\scenario2-filter.cy.js",
      "beforeHooks": [],
      "afterHooks": [],
      "tests": [],
      "suites": [
        {
          "uuid": "3fa85342-44d8-446f-9049-c4ab9c8367f5",
          "title": "Scenario 2 - Filter by year",
          "fullFile": "",
          "file": "",
          "beforeHooks": [],
          "afterHooks": [],
          "tests": [
            {
              "title": "Checks the filtered list returns only launches in 2015 ",
              "fullTitle": "Scenario 2 - Filter by year Checks the filtered list returns only launches in 2015 ",
              "timedOut": null,
              "duration": 1226,
              "state": "passed",
              "speed": "fast",
              "pass": true,
              "fail": false,
              "pending": false,
              "context": null,
              "code": "// Checks the total number of items in an unfiltered list\ncy.get(\".launch-item\").filter(':contains(\"#\")').then($value => {\n  totalListCount = $value.length;\n  cy.log(totalListCount);\n});\n// Checks the number of items in the unfiltered list with year 2015\ncy.get(\".launch-item\").filter(':contains(\" 2015\")').then($value => {\n  totalListWith2015 = $value.length;\n  cy.log(totalListWith2015);\n  // Optional assertion\n  expect(totalListWith2015).to.be.lessThan(totalListCount);\n});\n// The list is filtered by year 2015\ncy.get(\"[name='Filter By Year']\").select(\"2015\");\ncy.get(\".launch-item\")\n// containing all filtered items in the list\n.should(\"contain\", \"#\").then($value => {\n  filteredListTotal = $value.length;\n  // The number of items in the filtered list\n  cy.log(filteredListTotal);\n  // Asserting the filtered list contains all the entries\n  expect(filteredListTotal).to.equal(totalListWith2015);\n});\ncy.get(\".launch-item\")\n// containing all filtered items in the list with 2015\n.should(\"contain\", \" 2015\").then($value => {\n  filteredListWith2015 = $value.length;\n  // The number of items in the filtered list\n  cy.log(filteredListWith2015);\n  // Asserting ALL the filtered list contains 2015\n  expect(filteredListWith2015).to.equal(filteredListTotal);\n});",
              "err": {},
              "uuid": "8c24eefc-83d8-4278-9847-d78950273a36",
              "parentUUID": "3fa85342-44d8-446f-9049-c4ab9c8367f5",
              "isHook": false,
              "skipped": false
            },
            {
              "title": "Compares total items vs filtered items length",
              "fullTitle": "Scenario 2 - Filter by year Compares total items vs filtered items length",
              "timedOut": null,
              "duration": 123,
              "state": "passed",
              "speed": "fast",
              "pass": true,
              "fail": false,
              "pending": false,
              "context": null,
              "code": "cy.log(\"totalListCount \" + totalListCount);\ncy.log(\"totalListWith2015 \" + totalListWith2015);\ncy.log(\"filteredListTotal \" + filteredListTotal);\ncy.log(\"filteredListWith2015 \" + filteredListWith2015);\nexpect(totalListWith2015).to.equal(filteredListWith2015).and.to.equal(filteredListTotal);",
              "err": {},
              "uuid": "e39034c5-889c-415c-86ca-89be2e676abe",
              "parentUUID": "3fa85342-44d8-446f-9049-c4ab9c8367f5",
              "isHook": false,
              "skipped": false
            }
          ],
          "suites": [],
          "passes": [
            "8c24eefc-83d8-4278-9847-d78950273a36",
            "e39034c5-889c-415c-86ca-89be2e676abe"
          ],
          "failures": [],
          "pending": [],
          "skipped": [],
          "duration": 1349,
          "root": false,
          "rootEmpty": false,
          "_timeout": 2000
        }
      ],
      "passes": [],
      "failures": [],
      "pending": [],
      "skipped": [],
      "duration": 0,
      "root": true,
      "rootEmpty": true,
      "_timeout": 2000
    }
  ],
  "meta": {
    "mocha": {
      "version": "7.0.1"
    },
    "mochawesome": {
      "options": {
        "quiet": false,
        "reportFilename": "mochawesome",
        "saveHtml": false,
        "saveJson": true,
        "consoleReporter": "spec",
        "useInlineDiffs": false,
        "code": true
      },
      "version": "7.1.3"
    },
    "marge": {
      "options": {
        "charts": true,
        "overwrite": false,
        "html": false,
        "json": true,
        "reportDir": "cypress/report"
      },
      "version": "6.2.0"
    }
  }
}